<?xml version="1.0" encoding="utf-8"?><testsuites name="pytest tests"><testsuite name="pytest" errors="0" failures="0" skipped="0" tests="14" time="7.727" timestamp="2026-06-28T17:23:36.191258+00:00" hostname="agent-env-2d2968b6-aeb6-4f49-823a-0aec2ce6c3d1"><testcase classname="tests.backend_test" name="test_root" time="0.199" /><testcase classname="tests.backend_test" name="test_presets_contains_308" time="0.044" /><testcase classname="tests.backend_test" name="test_project_list_and_get" time="0.230" /><testcase classname="tests.backend_test" name="test_project_update_persists" time="0.355" /><testcase classname="tests.backend_test" name="test_calc_bushing" time="0.036" /><testcase classname="tests.backend_test" name="test_calc_headspace" time="0.076" /><testcase classname="tests.backend_test" name="test_calc_volume_groups" time="0.075" /><testcase classname="tests.backend_test" name="test_calc_charge_ladder" time="0.077" /><testcase classname="tests.backend_test" name="test_calc_seating_ladder_hybrid" time="0.074" /><testcase classname="tests.backend_test" name="test_calc_seating_ladder_vld_has_into_lands" time="0.075" /><testcase classname="tests.backend_test" name="test_calc_primer_ladder" time="0.042" /><testcase classname="tests.backend_test" name="test_recommend_velocity" time="0.073" /><testcase classname="tests.backend_test" name="test_recommend_ocw" time="0.077" /><testcase classname="tests.backend_test" name="test_powder_data_llm" time="5.450" /></testsuite></testsuites>